Start testing: Mar 06 15:00 CET
----------------------------------------------------------
1/1 Testing: AllTestsAllocator
1/1 Test: AllTestsAllocator
Command: "/user/2/caulierg/SEPC/TP1/ensimag-malloc/build/alloctest"
Directory: /user/2/caulierg/SEPC/TP1/ensimag-malloc/build
"AllTestsAllocator" start time: Mar 06 15:00 CET
Output:
----------------------------------------------------------
[==========] Running 12 tests from 4 test cases.
[----------] Global test environment set-up.
[----------] 1 test from Mark
[ RUN      ] Mark.mmix
/user/2/caulierg/SEPC/TP1/ensimag-malloc/tests/test_mark.cc:23: Failure
Value of: knuth_mmix_one_round((unsigned long)tab) & ~(0b11UL)
  Actual: 366814433885621032
Expected: tab[1]
Which is: 2461001120
[  FAILED  ] Mark.mmix (0 ms)
[----------] 1 test from Mark (0 ms total)

[----------] 7 tests from Basic
[ RUN      ] Basic.zero
[       OK ] Basic.zero (0 ms)
[ RUN      ] Basic.onetinysmall
[       OK ] Basic.onetinysmall (0 ms)
[ RUN      ] Basic.onelargesmall
[       OK ] Basic.onelargesmall (0 ms)
[ RUN      ] Basic.onemedium
/user/2/caulierg/SEPC/TP1/ensimag-malloc/tests/test_generic.cc:41: Failure
Expected: (ptr) != (nullptr), actual: NULL vs 8-byte object <00-00 00-00 00-00 00-00>
[  FAILED  ] Basic.onemedium (0 ms)
[ RUN      ] Basic.onelarge
[       OK ] Basic.onelarge (0 ms)
[ RUN      ] Basic.oneallocloopsmall
<end of output>
Test time =   0.01 sec
----------------------------------------------------------
Test Failed.
"AllTestsAllocator" end time: Mar 06 15:00 CET
"AllTestsAllocator" time elapsed: 00:00:00
----------------------------------------------------------

End testing: Mar 06 15:00 CET
