Start testing: May 07 13:06 GMT
----------------------------------------------------------
1/1 Testing: CommonPthreadError
1/1 Test: CommonPthreadError
Command: "/usr/bin/perl" "/home/ananas/Documents/ProjetImag/SEPC/tp_video/tests/pthcocci.pl"
Directory: /home/ananas/Documents/ProjetImag/SEPC/tp_video/build
"CommonPthreadError" start time: May 07 13:06 GMT
Output:
----------------------------------------------------------
sh: 1: spatch: not found
Can't exec "spatch": No such file or directory at /home/ananas/Documents/ProjetImag/SEPC/tp_video/tests/pthcocci.pl line 17.
<end of output>
Test time =   0.01 sec
----------------------------------------------------------
Test Passed.
"CommonPthreadError" end time: May 07 13:06 GMT
"CommonPthreadError" time elapsed: 00:00:00
----------------------------------------------------------

End testing: May 07 13:06 GMT
